# JRE version: Java(TM) SE Runtime Environment (8.0_131-b11) (build 1.8.0_131-b11)
# Java VM: Java HotSpot(TM) 64-Bit Server VM (25.131-b11 mixed mode linux-amd64 compressed oops)
Heap:
 PSYoungGen      total 297472K, used 48714K [0x00000000e7000000, 0x00000000ff580000, 0x0000000100000000)
  eden space 197632K, 17% used [0x00000000e7000000,0x00000000e9202ea0,0x00000000f3100000)
  from space 99840K, 13% used [0x00000000f3100000,0x00000000f3e8fa70,0x00000000f9280000)
  to   space 96768K, 0% used [0x00000000f9700000,0x00000000f9700000,0x00000000ff580000)
 ParOldGen       total 294912K, used 266656K [0x00000000b5000000, 0x00000000c7000000, 0x00000000e7000000)
  object space 294912K, 90% used [0x00000000b5000000,0x00000000c54682f0,0x00000000c7000000)
 Metaspace       used 168932K, capacity 187104K, committed 187264K, reserved 1212416K
  class space    used 20240K, capacity 25127K, committed 25216K, reserved 1048576K
GC Heap History (10 events):
Event: 169.874 GC heap before
{Heap before GC invocations=58 (full 7):
 PSYoungGen      total 298496K, used 199053K [0x00000000e7000000, 0x0000000100000000, 0x0000000100000000)
  eden space 186368K, 100% used [0x00000000e7000000,0x00000000f2600000,0x00000000f2600000)
  from space 112128K, 11% used [0x00000000f9280000,0x00000000f9ee3738,0x0000000100000000)
  to   space 111104K, 0% used [0x00000000f2600000,0x00000000f2600000,0x00000000f9280000)
 ParOldGen       total 294912K, used 266616K [0x00000000b5000000, 0x00000000c7000000, 0x00000000e7000000)
  object space 294912K, 90% used [0x00000000b5000000,0x00000000c545e2f0,0x00000000c7000000)
 Metaspace       used 161303K, capacity 178434K, committed 178816K, reserved 1204224K
  class space    used 19401K, capacity 24077K, committed 24192K, reserved 1048576K
Event: 169.896 GC heap after
Heap after GC invocations=58 (full 7):
 PSYoungGen      total 199168K, used 12500K [0x00000000e7000000, 0x00000000ffc00000, 0x0000000100000000)
  eden space 186368K, 0% used [0x00000000e7000000,0x00000000e7000000,0x00000000f2600000)
  from space 12800K, 97% used [0x00000000f2600000,0x00000000f3235370,0x00000000f3280000)
  to   space 109568K, 0% used [0x00000000f9100000,0x00000000f9100000,0x00000000ffc00000)
 ParOldGen       total 294912K, used 266624K [0x00000000b5000000, 0x00000000c7000000, 0x00000000e7000000)
  object space 294912K, 90% used [0x00000000b5000000,0x00000000c54602f0,0x00000000c7000000)
 Metaspace       used 161303K, capacity 178434K, committed 178816K, reserved 1204224K
  class space    used 19401K, capacity 24077K, committed 24192K, reserved 1048576K
}
Event: 174.275 GC heap before
{Heap before GC invocations=59 (full 7):
 PSYoungGen      total 199168K, used 198868K [0x00000000e7000000, 0x00000000ffc00000, 0x0000000100000000)
  eden space 186368K, 100% used [0x00000000e7000000,0x00000000f2600000,0x00000000f2600000)
  from space 12800K, 97% used [0x00000000f2600000,0x00000000f3235370,0x00000000f3280000)
  to   space 109568K, 0% used [0x00000000f9100000,0x00000000f9100000,0x00000000ffc00000)
 ParOldGen       total 294912K, used 266624K [0x00000000b5000000, 0x00000000c7000000, 0x00000000e7000000)
  object space 294912K, 90% used [0x00000000b5000000,0x00000000c54602f0,0x00000000c7000000)
 Metaspace       used 166663K, capacity 184512K, committed 184704K, reserved 1208320K
  class space    used 20056K, capacity 24866K, committed 24960K, reserved 1048576K
Event: 174.301 GC heap after
Heap after GC invocations=59 (full 7):
 PSYoungGen      total 299008K, used 15970K [0x00000000e7000000, 0x0000000100000000, 0x0000000100000000)
  eden space 189440K, 0% used [0x00000000e7000000,0x00000000e7000000,0x00000000f2900000)
  from space 109568K, 14% used [0x00000000f9100000,0x00000000fa098b78,0x00000000ffc00000)
  to   space 106496K, 0% used [0x00000000f2900000,0x00000000f2900000,0x00000000f9100000)
 ParOldGen       total 294912K, used 266632K [0x00000000b5000000, 0x00000000c7000000, 0x00000000e7000000)
  object space 294912K, 90% used [0x00000000b5000000,0x00000000c54622f0,0x00000000c7000000)
 Metaspace       used 166663K, capacity 184512K, committed 184704K, reserved 1208320K
  class space    used 20056K, capacity 24866K, committed 24960K, reserved 1048576K
}
Event: 275.788 GC heap before
{Heap before GC invocations=60 (full 7):
 PSYoungGen      total 299008K, used 205410K [0x00000000e7000000, 0x0000000100000000, 0x0000000100000000)
  eden space 189440K, 100% used [0x00000000e7000000,0x00000000f2900000,0x00000000f2900000)
  from space 109568K, 14% used [0x00000000f9100000,0x00000000fa098b78,0x00000000ffc00000)
  to   space 106496K, 0% used [0x00000000f2900000,0x00000000f2900000,0x00000000f9100000)
 ParOldGen       total 294912K, used 266632K [0x00000000b5000000, 0x00000000c7000000, 0x00000000e7000000)
  object space 294912K, 90% used [0x00000000b5000000,0x00000000c54622f0,0x00000000c7000000)
 Metaspace       used 166841K, capacity 184576K, committed 184704K, reserved 1208320K
  class space    used 20059K, capacity 24866K, committed 24960K, reserved 1048576K
Event: 275.809 GC heap after
Heap after GC invocations=60 (full 7):
 PSYoungGen      total 295936K, used 12317K [0x00000000e7000000, 0x00000000ff800000, 0x0000000100000000)
  eden space 189440K, 0% used [0x00000000e7000000,0x00000000e7000000,0x00000000f2900000)
  from space 106496K, 11% used [0x00000000f2900000,0x00000000f3507448,0x00000000f9100000)
  to   space 103936K, 0% used [0x00000000f9280000,0x00000000f9280000,0x00000000ff800000)
 ParOldGen       total 294912K, used 266640K [0x00000000b5000000, 0x00000000c7000000, 0x00000000e7000000)
  object space 294912K, 90% used [0x00000000b5000000,0x00000000c54642f0,0x00000000c7000000)
 Metaspace       used 166841K, capacity 184576K, committed 184704K, reserved 1208320K
  class space    used 20059K, capacity 24866K, committed 24960K, reserved 1048576K
}
Event: 7410.235 GC heap before
{Heap before GC invocations=61 (full 7):
 PSYoungGen      total 295936K, used 201757K [0x00000000e7000000, 0x00000000ff800000, 0x0000000100000000)
  eden space 189440K, 100% used [0x00000000e7000000,0x00000000f2900000,0x00000000f2900000)
  from space 106496K, 11% used [0x00000000f2900000,0x00000000f3507448,0x00000000f9100000)
  to   space 103936K, 0% used [0x00000000f9280000,0x00000000f9280000,0x00000000ff800000)
 ParOldGen       total 294912K, used 266640K [0x00000000b5000000, 0x00000000c7000000, 0x00000000e7000000)
  object space 294912K, 90% used [0x00000000b5000000,0x00000000c54642f0,0x00000000c7000000)
 Metaspace       used 167593K, capacity 185228K, committed 185472K, reserved 1210368K
  class space    used 20106K, capacity 24906K, committed 24960K, reserved 1048576K
Event: 7410.260 GC heap after
Heap after GC invocations=61 (full 7):
 PSYoungGen      total 297472K, used 16013K [0x00000000e7000000, 0x00000000ff400000, 0x0000000100000000)
  eden space 197632K, 0% used [0x00000000e7000000,0x00000000e7000000,0x00000000f3100000)
  from space 99840K, 16% used [0x00000000f9280000,0x00000000fa2235a0,0x00000000ff400000)
  to   space 99840K, 0% used [0x00000000f3100000,0x00000000f3100000,0x00000000f9280000)
 ParOldGen       total 294912K, used 266648K [0x00000000b5000000, 0x00000000c7000000, 0x00000000e7000000)
  object space 294912K, 90% used [0x00000000b5000000,0x00000000c54662f0,0x00000000c7000000)
 Metaspace       used 167593K, capacity 185228K, committed 185472K, reserved 1210368K
  class space    used 20106K, capacity 24906K, committed 24960K, reserved 1048576K
}
Event: 7414.076 GC heap before
{Heap before GC invocations=62 (full 7):
 PSYoungGen      total 297472K, used 213645K [0x00000000e7000000, 0x00000000ff400000, 0x0000000100000000)
  eden space 197632K, 100% used [0x00000000e7000000,0x00000000f3100000,0x00000000f3100000)
  from space 99840K, 16% used [0x00000000f9280000,0x00000000fa2235a0,0x00000000ff400000)
  to   space 99840K, 0% used [0x00000000f3100000,0x00000000f3100000,0x00000000f9280000)
 ParOldGen       total 294912K, used 266648K [0x00000000b5000000, 0x00000000c7000000, 0x00000000e7000000)
  object space 294912K, 90% used [0x00000000b5000000,0x00000000c54662f0,0x00000000c7000000)
 Metaspace       used 168890K, capacity 187104K, committed 187264K, reserved 1212416K
  class space    used 20236K, capacity 25127K, committed 25216K, reserved 1048576K
Event: 7414.099 GC heap after
Heap after GC invocations=62 (full 7):
 PSYoungGen      total 297472K, used 13886K [0x00000000e7000000, 0x00000000ff580000, 0x0000000100000000)
  eden space 197632K, 0% used [0x00000000e7000000,0x00000000e7000000,0x00000000f3100000)
  from space 99840K, 13% used [0x00000000f3100000,0x00000000f3e8fa70,0x00000000f9280000)
  to   space 96768K, 0% used [0x00000000f9700000,0x00000000f9700000,0x00000000ff580000)
 ParOldGen       total 294912K, used 266656K [0x00000000b5000000, 0x00000000c7000000, 0x00000000e7000000)
  object space 294912K, 90% used [0x00000000b5000000,0x00000000c54682f0,0x00000000c7000000)
 Metaspace       used 168890K, capacity 187104K, committed 187264K, reserved 1212416K
  class space    used 20236K, capacity 25127K, committed 25216K, reserved 1048576K
}

